# JRE version: Java(TM) SE Runtime Environment (8.0_101-b13) (build 1.8.0_101-b13)
# Java VM: Java HotSpot(TM) 64-Bit Server VM (25.101-b13 mixed mode windows-amd64 compressed oops)
Heap:
 PSYoungGen      total 52224K, used 23658K [0x00000000e0000000, 0x00000000e4100000, 0x0000000100000000)
  eden space 40960K, 33% used [0x00000000e0000000,0x00000000e0d8ab88,0x00000000e2800000)
  from space 11264K, 86% used [0x00000000e2880000,0x00000000e3210010,0x00000000e3380000)
  to   space 12800K, 0% used [0x00000000e3480000,0x00000000e3480000,0x00000000e4100000)
 ParOldGen       total 66048K, used 24314K [0x00000000a0000000, 0x00000000a4080000, 0x00000000e0000000)
  object space 66048K, 36% used [0x00000000a0000000,0x00000000a17bea18,0x00000000a4080000)
 Metaspace       used 49400K, capacity 50578K, committed 50816K, reserved 1093632K
  class space    used 6695K, capacity 6963K, committed 7040K, reserved 1048576K
GC Heap History (10 events):
Event: 49.238 GC heap before
{Heap before GC invocations=25 (full 2):
 PSYoungGen      total 53248K, used 49446K [0x00000000e0000000, 0x00000000e3d00000, 0x0000000100000000)
  eden space 47104K, 100% used [0x00000000e0000000,0x00000000e2e00000,0x00000000e2e00000)
  from space 6144K, 38% used [0x00000000e3700000,0x00000000e3949920,0x00000000e3d00000)
  to   space 7680K, 0% used [0x00000000e2e00000,0x00000000e2e00000,0x00000000e3580000)
 ParOldGen       total 66048K, used 20971K [0x00000000a0000000, 0x00000000a4080000, 0x00000000e0000000)
  object space 66048K, 31% used [0x00000000a0000000,0x00000000a147ae18,0x00000000a4080000)
 Metaspace       used 42029K, capacity 42878K, committed 43264K, reserved 1087488K
  class space    used 5678K, capacity 5877K, committed 5888K, reserved 1048576K
Event: 49.240 GC heap after
Heap after GC invocations=25 (full 2):
 PSYoungGen      total 48640K, used 2322K [0x00000000e0000000, 0x00000000e3b00000, 0x0000000100000000)
  eden space 46080K, 0% used [0x00000000e0000000,0x00000000e0000000,0x00000000e2d00000)
  from space 2560K, 90% used [0x00000000e2e00000,0x00000000e3044918,0x00000000e3080000)
  to   space 7168K, 0% used [0x00000000e3400000,0x00000000e3400000,0x00000000e3b00000)
 ParOldGen       total 66048K, used 20979K [0x00000000a0000000, 0x00000000a4080000, 0x00000000e0000000)
  object space 66048K, 31% used [0x00000000a0000000,0x00000000a147ce18,0x00000000a4080000)
 Metaspace       used 42029K, capacity 42878K, committed 43264K, reserved 1087488K
  class space    used 5678K, capacity 5877K, committed 5888K, reserved 1048576K
}
Event: 52.907 GC heap before
{Heap before GC invocations=26 (full 2):
 PSYoungGen      total 48640K, used 48402K [0x00000000e0000000, 0x00000000e3b00000, 0x0000000100000000)
  eden space 46080K, 100% used [0x00000000e0000000,0x00000000e2d00000,0x00000000e2d00000)
  from space 2560K, 90% used [0x00000000e2e00000,0x00000000e3044918,0x00000000e3080000)
  to   space 7168K, 0% used [0x00000000e3400000,0x00000000e3400000,0x00000000e3b00000)
 ParOldGen       total 66048K, used 20979K [0x00000000a0000000, 0x00000000a4080000, 0x00000000e0000000)
  object space 66048K, 31% used [0x00000000a0000000,0x00000000a147ce18,0x00000000a4080000)
 Metaspace       used 44336K, capacity 45348K, committed 45440K, reserved 1089536K
  class space    used 6012K, capacity 6264K, committed 6272K, reserved 1048576K
Event: 52.911 GC heap after
Heap after GC invocations=26 (full 2):
 PSYoungGen      total 52224K, used 5017K [0x00000000e0000000, 0x00000000e3b00000, 0x0000000100000000)
  eden space 45056K, 0% used [0x00000000e0000000,0x00000000e0000000,0x00000000e2c00000)
  from space 7168K, 69% used [0x00000000e3400000,0x00000000e38e6458,0x00000000e3b00000)
  to   space 7680K, 0% used [0x00000000e2c00000,0x00000000e2c00000,0x00000000e3380000)
 ParOldGen       total 66048K, used 20987K [0x00000000a0000000, 0x00000000a4080000, 0x00000000e0000000)
  object space 66048K, 31% used [0x00000000a0000000,0x00000000a147ee18,0x00000000a4080000)
 Metaspace       used 44336K, capacity 45348K, committed 45440K, reserved 1089536K
  class space    used 6012K, capacity 6264K, committed 6272K, reserved 1048576K
}
Event: 54.305 GC heap before
{Heap before GC invocations=27 (full 2):
 PSYoungGen      total 52224K, used 50073K [0x00000000e0000000, 0x00000000e3b00000, 0x0000000100000000)
  eden space 45056K, 100% used [0x00000000e0000000,0x00000000e2c00000,0x00000000e2c00000)
  from space 7168K, 69% used [0x00000000e3400000,0x00000000e38e6458,0x00000000e3b00000)
  to   space 7680K, 0% used [0x00000000e2c00000,0x00000000e2c00000,0x00000000e3380000)
 ParOldGen       total 66048K, used 20987K [0x00000000a0000000, 0x00000000a4080000, 0x00000000e0000000)
  object space 66048K, 31% used [0x00000000a0000000,0x00000000a147ee18,0x00000000a4080000)
 Metaspace       used 46223K, capacity 47420K, committed 47616K, reserved 1089536K
  class space    used 6310K, capacity 6576K, committed 6656K, reserved 1048576K
Event: 54.311 GC heap after
Heap after GC invocations=27 (full 2):
 PSYoungGen      total 51712K, used 7431K [0x00000000e0000000, 0x00000000e3c00000, 0x0000000100000000)
  eden space 44032K, 0% used [0x00000000e0000000,0x00000000e0000000,0x00000000e2b00000)
  from space 7680K, 96% used [0x00000000e2c00000,0x00000000e3341eb8,0x00000000e3380000)
  to   space 8704K, 0% used [0x00000000e3380000,0x00000000e3380000,0x00000000e3c00000)
 ParOldGen       total 66048K, used 20995K [0x00000000a0000000, 0x00000000a4080000, 0x00000000e0000000)
  object space 66048K, 31% used [0x00000000a0000000,0x00000000a1480e18,0x00000000a4080000)
 Metaspace       used 46223K, capacity 47420K, committed 47616K, reserved 1089536K
  class space    used 6310K, capacity 6576K, committed 6656K, reserved 1048576K
}
Event: 86.711 GC heap before
{Heap before GC invocations=28 (full 2):
 PSYoungGen      total 51712K, used 51463K [0x00000000e0000000, 0x00000000e3c00000, 0x0000000100000000)
  eden space 44032K, 100% used [0x00000000e0000000,0x00000000e2b00000,0x00000000e2b00000)
  from space 7680K, 96% used [0x00000000e2c00000,0x00000000e3341eb8,0x00000000e3380000)
  to   space 8704K, 0% used [0x00000000e3380000,0x00000000e3380000,0x00000000e3c00000)
 ParOldGen       total 66048K, used 20995K [0x00000000a0000000, 0x00000000a4080000, 0x00000000e0000000)
  object space 66048K, 31% used [0x00000000a0000000,0x00000000a1480e18,0x00000000a4080000)
 Metaspace       used 49256K, capacity 50496K, committed 50816K, reserved 1093632K
  class space    used 6690K, capacity 6960K, committed 7040K, reserved 1048576K
Event: 86.720 GC heap after
Heap after GC invocations=28 (full 2):
 PSYoungGen      total 50176K, used 8672K [0x00000000e0000000, 0x00000000e4000000, 0x0000000100000000)
  eden space 41472K, 0% used [0x00000000e0000000,0x00000000e0000000,0x00000000e2880000)
  from space 8704K, 99% used [0x00000000e3380000,0x00000000e3bf8010,0x00000000e3c00000)
  to   space 11264K, 0% used [0x00000000e2880000,0x00000000e2880000,0x00000000e3380000)
 ParOldGen       total 66048K, used 24210K [0x00000000a0000000, 0x00000000a4080000, 0x00000000e0000000)
  object space 66048K, 36% used [0x00000000a0000000,0x00000000a17a4a18,0x00000000a4080000)
 Metaspace       used 49256K, capacity 50496K, committed 50816K, reserved 1093632K
  class space    used 6690K, capacity 6960K, committed 7040K, reserved 1048576K
}
Event: 98.081 GC heap before
{Heap before GC invocations=29 (full 2):
 PSYoungGen      total 50176K, used 50144K [0x00000000e0000000, 0x00000000e4000000, 0x0000000100000000)
  eden space 41472K, 100% used [0x00000000e0000000,0x00000000e2880000,0x00000000e2880000)
  from space 8704K, 99% used [0x00000000e3380000,0x00000000e3bf8010,0x00000000e3c00000)
  to   space 11264K, 0% used [0x00000000e2880000,0x00000000e2880000,0x00000000e3380000)
 ParOldGen       total 66048K, used 24210K [0x00000000a0000000, 0x00000000a4080000, 0x00000000e0000000)
  object space 66048K, 36% used [0x00000000a0000000,0x00000000a17a4a18,0x00000000a4080000)
 Metaspace       used 49394K, capacity 50578K, committed 50816K, reserved 1093632K
  class space    used 6695K, capacity 6963K, committed 7040K, reserved 1048576K
Event: 98.087 GC heap after
Heap after GC invocations=29 (full 2):
 PSYoungGen      total 52224K, used 9792K [0x00000000e0000000, 0x00000000e4100000, 0x0000000100000000)
  eden space 40960K, 0% used [0x00000000e0000000,0x00000000e0000000,0x00000000e2800000)
  from space 11264K, 86% used [0x00000000e2880000,0x00000000e3210010,0x00000000e3380000)
  to   space 12800K, 0% used [0x00000000e3480000,0x00000000e3480000,0x00000000e4100000)
 ParOldGen       total 66048K, used 24314K [0x00000000a0000000, 0x00000000a4080000, 0x00000000e0000000)
  object space 66048K, 36% used [0x00000000a0000000,0x00000000a17bea18,0x00000000a4080000)
 Metaspace       used 49394K, capacity 50578K, committed 50816K, reserved 1093632K
  class space    used 6695K, capacity 6963K, committed 7040K, reserved 1048576K
}

