# JRE version: Java(TM) SE Runtime Environment (8.0_101-b13) (build 1.8.0_101-b13)
# Java VM: Java HotSpot(TM) 64-Bit Server VM (25.101-b13 mixed mode windows-amd64 compressed oops)
Heap:
 PSYoungGen      total 348672K, used 151471K [0x00000000e0000000, 0x00000000fca00000, 0x0000000100000000)
  eden space 288256K, 40% used [0x00000000e0000000,0x00000000e715a010,0x00000000f1980000)
  from space 60416K, 58% used [0x00000000f6780000,0x00000000f8a11e78,0x00000000fa280000)
  to   space 79872K, 0% used [0x00000000f1980000,0x00000000f1980000,0x00000000f6780000)
 ParOldGen       total 94208K, used 94038K [0x00000000a0000000, 0x00000000a5c00000, 0x00000000e0000000)
  object space 94208K, 99% used [0x00000000a0000000,0x00000000a5bd59c8,0x00000000a5c00000)
 Metaspace       used 70287K, capacity 72776K, committed 72960K, reserved 1112064K
  class space    used 8879K, capacity 9408K, committed 9472K, reserved 1048576K
GC Heap History (10 events):
Event: 563.258 GC heap before
{Heap before GC invocations=40 (full 5):
 PSYoungGen      total 246784K, used 228991K [0x00000000e0000000, 0x00000000f1900000, 0x0000000100000000)
  eden space 209920K, 100% used [0x00000000e0000000,0x00000000ecd00000,0x00000000ecd00000)
  from space 36864K, 51% used [0x00000000ef500000,0x00000000f079fdb0,0x00000000f1900000)
  to   space 38912K, 0% used [0x00000000ecd00000,0x00000000ecd00000,0x00000000ef300000)
 ParOldGen       total 94208K, used 39915K [0x00000000a0000000, 0x00000000a5c00000, 0x00000000e0000000)
  object space 94208K, 42% used [0x00000000a0000000,0x00000000a26faf80,0x00000000a5c00000)
 Metaspace       used 70111K, capacity 72616K, committed 72960K, reserved 1112064K
  class space    used 8877K, capacity 9376K, committed 9472K, reserved 1048576K
Event: 563.296 GC heap after
Heap after GC invocations=40 (full 5):
 PSYoungGen      total 248832K, used 27450K [0x00000000e0000000, 0x00000000f4f80000, 0x0000000100000000)
  eden space 209920K, 0% used [0x00000000e0000000,0x00000000e0000000,0x00000000ecd00000)
  from space 38912K, 70% used [0x00000000ecd00000,0x00000000ee7ceb08,0x00000000ef300000)
  to   space 40960K, 0% used [0x00000000f2780000,0x00000000f2780000,0x00000000f4f80000)
 ParOldGen       total 94208K, used 44168K [0x00000000a0000000, 0x00000000a5c00000, 0x00000000e0000000)
  object space 94208K, 46% used [0x00000000a0000000,0x00000000a2b22068,0x00000000a5c00000)
 Metaspace       used 70111K, capacity 72616K, committed 72960K, reserved 1112064K
  class space    used 8877K, capacity 9376K, committed 9472K, reserved 1048576K
}
Event: 563.889 GC heap before
{Heap before GC invocations=41 (full 5):
 PSYoungGen      total 248832K, used 237370K [0x00000000e0000000, 0x00000000f4f80000, 0x0000000100000000)
  eden space 209920K, 100% used [0x00000000e0000000,0x00000000ecd00000,0x00000000ecd00000)
  from space 38912K, 70% used [0x00000000ecd00000,0x00000000ee7ceb08,0x00000000ef300000)
  to   space 40960K, 0% used [0x00000000f2780000,0x00000000f2780000,0x00000000f4f80000)
 ParOldGen       total 94208K, used 44168K [0x00000000a0000000, 0x00000000a5c00000, 0x00000000e0000000)
  object space 94208K, 46% used [0x00000000a0000000,0x00000000a2b22068,0x00000000a5c00000)
 Metaspace       used 70212K, capacity 72744K, committed 72960K, reserved 1112064K
  class space    used 8877K, capacity 9376K, committed 9472K, reserved 1048576K
Event: 563.919 GC heap after
Heap after GC invocations=41 (full 5):
 PSYoungGen      total 293888K, used 33696K [0x00000000e0000000, 0x00000000f5000000, 0x0000000100000000)
  eden space 252928K, 0% used [0x00000000e0000000,0x00000000e0000000,0x00000000ef700000)
  from space 40960K, 82% used [0x00000000f2780000,0x00000000f48683e8,0x00000000f4f80000)
  to   space 45568K, 0% used [0x00000000ef700000,0x00000000ef700000,0x00000000f2380000)
 ParOldGen       total 94208K, used 46944K [0x00000000a0000000, 0x00000000a5c00000, 0x00000000e0000000)
  object space 94208K, 49% used [0x00000000a0000000,0x00000000a2dd80b8,0x00000000a5c00000)
 Metaspace       used 70212K, capacity 72744K, committed 72960K, reserved 1112064K
  class space    used 8877K, capacity 9376K, committed 9472K, reserved 1048576K
}
Event: 564.317 GC heap before
{Heap before GC invocations=42 (full 5):
 PSYoungGen      total 293888K, used 286624K [0x00000000e0000000, 0x00000000f5000000, 0x0000000100000000)
  eden space 252928K, 100% used [0x00000000e0000000,0x00000000ef700000,0x00000000ef700000)
  from space 40960K, 82% used [0x00000000f2780000,0x00000000f48683e8,0x00000000f4f80000)
  to   space 45568K, 0% used [0x00000000ef700000,0x00000000ef700000,0x00000000f2380000)
 ParOldGen       total 94208K, used 46944K [0x00000000a0000000, 0x00000000a5c00000, 0x00000000e0000000)
  object space 94208K, 49% used [0x00000000a0000000,0x00000000a2dd80b8,0x00000000a5c00000)
 Metaspace       used 70257K, capacity 72776K, committed 72960K, reserved 1112064K
  class space    used 8879K, capacity 9408K, committed 9472K, reserved 1048576K
Event: 564.375 GC heap after
Heap after GC invocations=42 (full 5):
 PSYoungGen      total 298496K, used 45556K [0x00000000e0000000, 0x00000000fa280000, 0x0000000100000000)
  eden space 252928K, 0% used [0x00000000e0000000,0x00000000e0000000,0x00000000ef700000)
  from space 45568K, 99% used [0x00000000ef700000,0x00000000f237d118,0x00000000f2380000)
  to   space 60416K, 0% used [0x00000000f6780000,0x00000000f6780000,0x00000000fa280000)
 ParOldGen       total 94208K, used 66421K [0x00000000a0000000, 0x00000000a5c00000, 0x00000000e0000000)
  object space 94208K, 70% used [0x00000000a0000000,0x00000000a40dd498,0x00000000a5c00000)
 Metaspace       used 70257K, capacity 72776K, committed 72960K, reserved 1112064K
  class space    used 8879K, capacity 9408K, committed 9472K, reserved 1048576K
}
Event: 564.745 GC heap before
{Heap before GC invocations=43 (full 5):
 PSYoungGen      total 298496K, used 298484K [0x00000000e0000000, 0x00000000fa280000, 0x0000000100000000)
  eden space 252928K, 100% used [0x00000000e0000000,0x00000000ef700000,0x00000000ef700000)
  from space 45568K, 99% used [0x00000000ef700000,0x00000000f237d118,0x00000000f2380000)
  to   space 60416K, 0% used [0x00000000f6780000,0x00000000f6780000,0x00000000fa280000)
 ParOldGen       total 94208K, used 66421K [0x00000000a0000000, 0x00000000a5c00000, 0x00000000e0000000)
  object space 94208K, 70% used [0x00000000a0000000,0x00000000a40dd498,0x00000000a5c00000)
 Metaspace       used 70279K, capacity 72776K, committed 72960K, reserved 1112064K
  class space    used 8879K, capacity 9408K, committed 9472K, reserved 1048576K
Event: 564.806 GC heap after
Heap after GC invocations=43 (full 5):
 PSYoungGen      total 348672K, used 60407K [0x00000000e0000000, 0x00000000fca00000, 0x0000000100000000)
  eden space 288256K, 0% used [0x00000000e0000000,0x00000000e0000000,0x00000000f1980000)
  from space 60416K, 99% used [0x00000000f6780000,0x00000000fa27dc80,0x00000000fa280000)
  to   space 79872K, 0% used [0x00000000f1980000,0x00000000f1980000,0x00000000f6780000)
 ParOldGen       total 94208K, used 91129K [0x00000000a0000000, 0x00000000a5c00000, 0x00000000e0000000)
  object space 94208K, 96% used [0x00000000a0000000,0x00000000a58fe5f8,0x00000000a5c00000)
 Metaspace       used 70279K, capacity 72776K, committed 72960K, reserved 1112064K
  class space    used 8879K, capacity 9408K, committed 9472K, reserved 1048576K
}
Event: 564.806 GC heap before
{Heap before GC invocations=44 (full 6):
 PSYoungGen      total 348672K, used 60407K [0x00000000e0000000, 0x00000000fca00000, 0x0000000100000000)
  eden space 288256K, 0% used [0x00000000e0000000,0x00000000e0000000,0x00000000f1980000)
  from space 60416K, 99% used [0x00000000f6780000,0x00000000fa27dc80,0x00000000fa280000)
  to   space 79872K, 0% used [0x00000000f1980000,0x00000000f1980000,0x00000000f6780000)
 ParOldGen       total 94208K, used 91129K [0x00000000a0000000, 0x00000000a5c00000, 0x00000000e0000000)
  object space 94208K, 96% used [0x00000000a0000000,0x00000000a58fe5f8,0x00000000a5c00000)
 Metaspace       used 70279K, capacity 72776K, committed 72960K, reserved 1112064K
  class space    used 8879K, capacity 9408K, committed 9472K, reserved 1048576K
Event: 565.388 GC heap after
Heap after GC invocations=44 (full 6):
 PSYoungGen      total 348672K, used 35399K [0x00000000e0000000, 0x00000000fca00000, 0x0000000100000000)
  eden space 288256K, 0% used [0x00000000e0000000,0x00000000e0000000,0x00000000f1980000)
  from space 60416K, 58% used [0x00000000f6780000,0x00000000f8a11e78,0x00000000fa280000)
  to   space 79872K, 0% used [0x00000000f1980000,0x00000000f1980000,0x00000000f6780000)
 ParOldGen       total 94208K, used 94038K [0x00000000a0000000, 0x00000000a5c00000, 0x00000000e0000000)
  object space 94208K, 99% used [0x00000000a0000000,0x00000000a5bd59c8,0x00000000a5c00000)
 Metaspace       used 70279K, capacity 72776K, committed 72960K, reserved 1112064K
  class space    used 8879K, capacity 9408K, committed 9472K, reserved 1048576K
}

