# JRE version: Java(TM) SE Runtime Environment (8.0_101-b13) (build 1.8.0_101-b13)
# Java VM: Java HotSpot(TM) 64-Bit Server VM (25.101-b13 mixed mode windows-amd64 compressed oops)
Heap:
 PSYoungGen      total 353792K, used 239230K [0x00000000e0000000, 0x00000000ff800000, 0x0000000100000000)
  eden space 350208K, 68% used [0x00000000e0000000,0x00000000ee99fa78,0x00000000f5600000)
  from space 3584K, 0% used [0x00000000f5600000,0x00000000f5600000,0x00000000f5980000)
  to   space 82944K, 0% used [0x00000000fa700000,0x00000000fa700000,0x00000000ff800000)
 ParOldGen       total 220672K, used 48151K [0x00000000a0000000, 0x00000000ad780000, 0x00000000e0000000)
  object space 220672K, 21% used [0x00000000a0000000,0x00000000a2f05e58,0x00000000ad780000)
 Metaspace       used 73931K, capacity 78406K, committed 81280K, reserved 1120256K
  class space    used 9234K, capacity 9793K, committed 10624K, reserved 1048576K
GC Heap History (10 events):
Event: 5695.848 GC heap before
{Heap before GC invocations=108 (full 17):
 PSYoungGen      total 432640K, used 397597K [0x00000000e0000000, 0x0000000100000000, 0x0000000100000000)
  eden space 347136K, 99% used [0x00000000e0000000,0x00000000f52ba268,0x00000000f5300000)
  from space 85504K, 59% used [0x00000000fac80000,0x00000000fde0d220,0x0000000100000000)
  to   space 88576K, 0% used [0x00000000f5300000,0x00000000f5300000,0x00000000fa980000)
 ParOldGen       total 220672K, used 139341K [0x00000000a0000000, 0x00000000ad780000, 0x00000000e0000000)
  object space 220672K, 63% used [0x00000000a0000000,0x00000000a88135f8,0x00000000ad780000)
 Metaspace       used 74359K, capacity 78392K, committed 81280K, reserved 1120256K
  class space    used 9305K, capacity 9846K, committed 10624K, reserved 1048576K
Event: 5695.894 GC heap after
Heap after GC invocations=108 (full 17):
 PSYoungGen      total 435712K, used 622K [0x00000000e0000000, 0x0000000100000000, 0x0000000100000000)
  eden space 347136K, 0% used [0x00000000e0000000,0x00000000e0000000,0x00000000f5300000)
  from space 88576K, 0% used [0x00000000f5300000,0x00000000f539bb18,0x00000000fa980000)
  to   space 87552K, 0% used [0x00000000faa80000,0x00000000faa80000,0x0000000100000000)
 ParOldGen       total 220672K, used 160297K [0x00000000a0000000, 0x00000000ad780000, 0x00000000e0000000)
  object space 220672K, 72% used [0x00000000a0000000,0x00000000a9c8a6f8,0x00000000ad780000)
 Metaspace       used 74359K, capacity 78392K, committed 81280K, reserved 1120256K
  class space    used 9305K, capacity 9846K, committed 10624K, reserved 1048576K
}
Event: 5698.820 GC heap before
{Heap before GC invocations=109 (full 17):
 PSYoungGen      total 435712K, used 34570K [0x00000000e0000000, 0x0000000100000000, 0x0000000100000000)
  eden space 347136K, 9% used [0x00000000e0000000,0x00000000e2127018,0x00000000f5300000)
  from space 88576K, 0% used [0x00000000f5300000,0x00000000f539bb18,0x00000000fa980000)
  to   space 87552K, 0% used [0x00000000faa80000,0x00000000faa80000,0x0000000100000000)
 ParOldGen       total 220672K, used 160297K [0x00000000a0000000, 0x00000000ad780000, 0x00000000e0000000)
  object space 220672K, 72% used [0x00000000a0000000,0x00000000a9c8a6f8,0x00000000ad780000)
 Metaspace       used 74364K, capacity 78398K, committed 81280K, reserved 1120256K
  class space    used 9305K, capacity 9847K, committed 10624K, reserved 1048576K
Event: 5699.119 GC heap after
Heap after GC invocations=109 (full 17):
 PSYoungGen      total 435712K, used 288K [0x00000000e0000000, 0x00000000ffe00000, 0x0000000100000000)
  eden space 350208K, 0% used [0x00000000e0000000,0x00000000e0000000,0x00000000f5600000)
  from space 85504K, 0% used [0x00000000faa80000,0x00000000faac8000,0x00000000ffe00000)
  to   space 86016K, 0% used [0x00000000f5600000,0x00000000f5600000,0x00000000faa00000)
 ParOldGen       total 220672K, used 160638K [0x00000000a0000000, 0x00000000ad780000, 0x00000000e0000000)
  object space 220672K, 72% used [0x00000000a0000000,0x00000000a9cdf920,0x00000000ad780000)
 Metaspace       used 74364K, capacity 78398K, committed 81280K, reserved 1120256K
  class space    used 9305K, capacity 9847K, committed 10624K, reserved 1048576K
}
Event: 5699.119 GC heap before
{Heap before GC invocations=110 (full 18):
 PSYoungGen      total 435712K, used 288K [0x00000000e0000000, 0x00000000ffe00000, 0x0000000100000000)
  eden space 350208K, 0% used [0x00000000e0000000,0x00000000e0000000,0x00000000f5600000)
  from space 85504K, 0% used [0x00000000faa80000,0x00000000faac8000,0x00000000ffe00000)
  to   space 86016K, 0% used [0x00000000f5600000,0x00000000f5600000,0x00000000faa00000)
 ParOldGen       total 220672K, used 160638K [0x00000000a0000000, 0x00000000ad780000, 0x00000000e0000000)
  object space 220672K, 72% used [0x00000000a0000000,0x00000000a9cdf920,0x00000000ad780000)
 Metaspace       used 74364K, capacity 78398K, committed 81280K, reserved 1120256K
  class space    used 9305K, capacity 9847K, committed 10624K, reserved 1048576K
Event: 5699.416 GC heap after
Heap after GC invocations=110 (full 18):
 PSYoungGen      total 435712K, used 0K [0x00000000e0000000, 0x00000000ffe00000, 0x0000000100000000)
  eden space 350208K, 0% used [0x00000000e0000000,0x00000000e0000000,0x00000000f5600000)
  from space 85504K, 0% used [0x00000000faa80000,0x00000000faa80000,0x00000000ffe00000)
  to   space 86016K, 0% used [0x00000000f5600000,0x00000000f5600000,0x00000000faa00000)
 ParOldGen       total 220672K, used 47521K [0x00000000a0000000, 0x00000000ad780000, 0x00000000e0000000)
  object space 220672K, 21% used [0x00000000a0000000,0x00000000a2e68418,0x00000000ad780000)
 Metaspace       used 74364K, capacity 78398K, committed 81280K, reserved 1120256K
  class space    used 9305K, capacity 9847K, committed 10624K, reserved 1048576K
}
Event: 6705.814 GC heap before
{Heap before GC invocations=111 (full 18):
 PSYoungGen      total 435712K, used 226370K [0x00000000e0000000, 0x00000000ffe00000, 0x0000000100000000)
  eden space 350208K, 64% used [0x00000000e0000000,0x00000000edd10948,0x00000000f5600000)
  from space 85504K, 0% used [0x00000000faa80000,0x00000000faa80000,0x00000000ffe00000)
  to   space 86016K, 0% used [0x00000000f5600000,0x00000000f5600000,0x00000000faa00000)
 ParOldGen       total 220672K, used 47521K [0x00000000a0000000, 0x00000000ad780000, 0x00000000e0000000)
  object space 220672K, 21% used [0x00000000a0000000,0x00000000a2e68418,0x00000000ad780000)
 Metaspace       used 74631K, capacity 79012K, committed 81280K, reserved 1120256K
  class space    used 9357K, capacity 9932K, committed 10624K, reserved 1048576K
Event: 6705.830 GC heap after
Heap after GC invocations=111 (full 18):
 PSYoungGen      total 353792K, used 3574K [0x00000000e0000000, 0x00000000ff800000, 0x0000000100000000)
  eden space 350208K, 0% used [0x00000000e0000000,0x00000000e0000000,0x00000000f5600000)
  from space 3584K, 99% used [0x00000000f5600000,0x00000000f597da70,0x00000000f5980000)
  to   space 82944K, 0% used [0x00000000fa700000,0x00000000fa700000,0x00000000ff800000)
 ParOldGen       total 220672K, used 47529K [0x00000000a0000000, 0x00000000ad780000, 0x00000000e0000000)
  object space 220672K, 21% used [0x00000000a0000000,0x00000000a2e6a418,0x00000000ad780000)
 Metaspace       used 74631K, capacity 79012K, committed 81280K, reserved 1120256K
  class space    used 9357K, capacity 9932K, committed 10624K, reserved 1048576K
}
Event: 6705.830 GC heap before
{Heap before GC invocations=112 (full 19):
 PSYoungGen      total 353792K, used 3574K [0x00000000e0000000, 0x00000000ff800000, 0x0000000100000000)
  eden space 350208K, 0% used [0x00000000e0000000,0x00000000e0000000,0x00000000f5600000)
  from space 3584K, 99% used [0x00000000f5600000,0x00000000f597da70,0x00000000f5980000)
  to   space 82944K, 0% used [0x00000000fa700000,0x00000000fa700000,0x00000000ff800000)
 ParOldGen       total 220672K, used 47529K [0x00000000a0000000, 0x00000000ad780000, 0x00000000e0000000)
  object space 220672K, 21% used [0x00000000a0000000,0x00000000a2e6a418,0x00000000ad780000)
 Metaspace       used 74631K, capacity 79012K, committed 81280K, reserved 1120256K
  class space    used 9357K, capacity 9932K, committed 10624K, reserved 1048576K
Event: 6706.198 GC heap after
Heap after GC invocations=112 (full 19):
 PSYoungGen      total 353792K, used 0K [0x00000000e0000000, 0x00000000ff800000, 0x0000000100000000)
  eden space 350208K, 0% used [0x00000000e0000000,0x00000000e0000000,0x00000000f5600000)
  from space 3584K, 0% used [0x00000000f5600000,0x00000000f5600000,0x00000000f5980000)
  to   space 82944K, 0% used [0x00000000fa700000,0x00000000fa700000,0x00000000ff800000)
 ParOldGen       total 220672K, used 48151K [0x00000000a0000000, 0x00000000ad780000, 0x00000000e0000000)
  object space 220672K, 21% used [0x00000000a0000000,0x00000000a2f05e58,0x00000000ad780000)
 Metaspace       used 73751K, capacity 78064K, committed 81280K, reserved 1120256K
  class space    used 9203K, capacity 9750K, committed 10624K, reserved 1048576K
}

